<?xml version="1.0" encoding="UTF-8"?>
<!-- Generated by org.testng.reporters.JUnitReportReporter -->
<testsuite ignored="0" hostname="LTIN593363" failures="0" tests="4" name="MainClasses.TestClass" time="21.008" errors="0" timestamp="16 May 2025 10:12:07 GMT" skipped="0">
  <testcase classname="MainClasses.TestClass" name="searchInitiation" time="12.713"/>
  <testcase classname="MainClasses.TestClass" name="depSelection" time="0.866"/>
  <testcase classname="MainClasses.TestClass" name="datesSelection" time="4.137"/>
  <testcase classname="MainClasses.TestClass" name="resultFiltering" time="3.292"/>
</testsuite> <!-- MainClasses.TestClass -->
